%!Adobe-FontList 1.16
%Locale:0x409

%BeginFont
Handler:DirectoryHandler
FontType:TrueType
FontName:PalatinoLinotype-Roman
FamilyName:Palatino Linotype
StyleName:Regular
FullName:Palatino Linotype
MenuName:Palatino Linotype
StyleBits:0
WritingScript:Roman
OutlineFileName:C:\Users\litherum\Dropbox\DeAnza\53A\Project 3\Project 3 Folder\Document fonts\pala.ttf
DataFormat:sfntData
FileLength:470084
FileModTime:1377185703
WeightClass:400
WidthClass:5
AngleClass:0
NameArray:0,Mac,4,Palatino Linotype
NameArray:0,Win,1,Palatino Linotype
%EndFont

